<?xml version="1.0" encoding="UTF-8"?>
<testsuite xmlns:xsi="http://www.w3.org/2001/XMLSchema-instance" xsi:noNamespaceSchemaLocation="https://maven.apache.org/surefire/maven-surefire-plugin/xsd/surefire-test-report.xsd" version="3.0.2" name="UpdateUserTest" time="27.698" tests="20" errors="0" skipped="0" failures="0">
  <properties>
[...]
</properties>
  <testcase name="updateLoginUser[0 : update all fields]" classname="UpdateUserTest" time="1.314">
    <system-out><![CDATA[14:18:26.886 [main] INFO UpdateUserTest -- Обновляемые данные: {password=Ul9bZALp, name=jMxiLg, email=pSfAt@UyV.ru}
14:18:27.198 [main] INFO UpdateUserTest -- Получен ответ от сервера {"success":true,"user":{"email":"psfat@uyv.ru","name":"jMxiLg"}}
]]></system-out>
  </testcase>
  <testcase name="updateWithoutLogin[0 : update all fields]" classname="UpdateUserTest" time="1.448">
    <system-out><![CDATA[14:18:28.431 [main] INFO UpdateUserTest -- Обновляемые данные: {password=Ul9bZALp, name=jMxiLg, email=pSfAt@UyV.ru}
14:18:28.626 [main] INFO UpdateUserTest -- Получен ответ от сервера {"success":false,"message":"You should be authorised"}
]]></system-out>
  </testcase>
  <testcase name="updateLoginUser[1 : update email]" classname="UpdateUserTest" time="1.3">
    <system-out><![CDATA[14:18:29.667 [main] INFO UpdateUserTest -- Обновляемые данные: {password=38FQouGr, name=PnrYXL, email=HOTqD@bdJ.ru}
14:18:29.979 [main] INFO UpdateUserTest -- Получен ответ от сервера {"success":true,"user":{"email":"hotqd@bdj.ru","name":"PnrYXL"}}
]]></system-out>
  </testcase>
  <testcase name="updateWithoutLogin[1 : update email]" classname="UpdateUserTest" time="1.081">
    <system-out><![CDATA[14:18:30.842 [main] INFO UpdateUserTest -- Обновляемые данные: {password=5QeRoVqs, name=sjYffM, email=HOTqD@bdJ.ru}
14:18:31.055 [main] INFO UpdateUserTest -- Получен ответ от сервера {"success":false,"message":"You should be authorised"}
]]></system-out>
  </testcase>
  <testcase name="updateLoginUser[2 : update password]" classname="UpdateUserTest" time="1.246">
    <system-out><![CDATA[14:18:31.970 [main] INFO UpdateUserTest -- Обновляемые данные: {password=WHnmJmWa, name=eGKoTd, email=eFORL@akJ.ru}
14:18:32.318 [main] INFO UpdateUserTest -- Получен ответ от сервера {"success":true,"user":{"email":"eforl@akj.ru","name":"eGKoTd"}}
]]></system-out>
  </testcase>
  <testcase name="updateWithoutLogin[2 : update password]" classname="UpdateUserTest" time="1.214">
    <system-out><![CDATA[14:18:33.242 [main] INFO UpdateUserTest -- Обновляемые данные: {password=WHnmJmWa, name=ECUVvx, email=kjcKT@iUC.ru}
14:18:33.507 [main] INFO UpdateUserTest -- Получен ответ от сервера {"success":false,"message":"You should be authorised"}
]]></system-out>
  </testcase>
  <testcase name="updateLoginUser[3 : update name]" classname="UpdateUserTest" time="1.65">
    <system-out><![CDATA[14:18:34.414 [main] INFO UpdateUserTest -- Обновляемые данные: {password=69gDwIuX, name=TBoSdP, email=AywvV@qxj.ru}
14:18:34.915 [main] INFO UpdateUserTest -- Получен ответ от сервера {"success":true,"user":{"email":"aywvv@qxj.ru","name":"TBoSdP"}}
]]></system-out>
  </testcase>
  <testcase name="updateWithoutLogin[3 : update name]" classname="UpdateUserTest" time="1.301">
    <system-out><![CDATA[14:18:36.062 [main] INFO UpdateUserTest -- Обновляемые данные: {password=3ZQpbZpb, name=TBoSdP, email=efygl@nmP.ru}
14:18:36.467 [main] INFO UpdateUserTest -- Получен ответ от сервера {"success":false,"message":"You should be authorised"}
]]></system-out>
  </testcase>
  <testcase name="updateLoginUser[4 : update email without another fields]" classname="UpdateUserTest" time="1.108">
    <system-out><![CDATA[14:18:37.401 [main] INFO UpdateUserTest -- Обновляемые данные: {email=YcnVJ@xDb.ru}
14:18:37.642 [main] INFO UpdateUserTest -- Получен ответ от сервера {"success":true,"user":{"email":"ycnvj@xdb.ru","name":"HQBDTA"}}
]]></system-out>
  </testcase>
  <testcase name="updateWithoutLogin[4 : update email without another fields]" classname="UpdateUserTest" time="1.077">
    <system-out><![CDATA[14:18:38.473 [main] INFO UpdateUserTest -- Обновляемые данные: {email=YcnVJ@xDb.ru}
14:18:38.694 [main] INFO UpdateUserTest -- Получен ответ от сервера {"success":false,"message":"You should be authorised"}
]]></system-out>
  </testcase>
  <testcase name="updateLoginUser[5 : update password without another fields]" classname="UpdateUserTest" time="1.055">
    <system-out><![CDATA[14:18:39.531 [main] INFO UpdateUserTest -- Обновляемые данные: {password=xminHfx1}
14:18:39.773 [main] INFO UpdateUserTest -- Получен ответ от сервера {"success":true,"user":{"email":"wtswa@prj.ru","name":"oITJcI"}}
]]></system-out>
  </testcase>
  <testcase name="updateWithoutLogin[5 : update password without another fields]" classname="UpdateUserTest" time="1.492">
    <system-out><![CDATA[14:18:40.543 [main] INFO UpdateUserTest -- Обновляемые данные: {password=xminHfx1}
14:18:40.701 [main] INFO UpdateUserTest -- Получен ответ от сервера {"success":false,"message":"You should be authorised"}
]]></system-out>
  </testcase>
  <testcase name="updateLoginUser[6 : update name without another fields]" classname="UpdateUserTest" time="2.489">
    <system-out><![CDATA[14:18:42.746 [main] INFO UpdateUserTest -- Обновляемые данные: {name=slCswl}
14:18:43.685 [main] INFO UpdateUserTest -- Получен ответ от сервера {"success":true,"user":{"email":"ifmij@vnx.ru","name":"slCswl"}}
]]></system-out>
  </testcase>
  <testcase name="updateWithoutLogin[6 : update name without another fields]" classname="UpdateUserTest" time="1.33">
    <system-out><![CDATA[14:18:44.628 [main] INFO UpdateUserTest -- Обновляемые данные: {name=slCswl}
14:18:45.017 [main] INFO UpdateUserTest -- Получен ответ от сервера {"success":false,"message":"You should be authorised"}
]]></system-out>
  </testcase>
  <testcase name="updateLoginUser[7 : update email + password without name]" classname="UpdateUserTest" time="1.512">
    <system-out><![CDATA[14:18:46.168 [main] INFO UpdateUserTest -- Обновляемые данные: {password=mdMwMb6Z, email=JYxqJ@DhM.ru}
14:18:46.538 [main] INFO UpdateUserTest -- Получен ответ от сервера {"success":true,"user":{"email":"jyxqj@dhm.ru","name":"gwkEfA"}}
]]></system-out>
  </testcase>
  <testcase name="updateWithoutLogin[7 : update email + password without name]" classname="UpdateUserTest" time="1.531">
    <system-out><![CDATA[14:18:47.502 [main] INFO UpdateUserTest -- Обновляемые данные: {password=mdMwMb6Z, email=JYxqJ@DhM.ru}
14:18:47.831 [main] INFO UpdateUserTest -- Получен ответ от сервера {"success":false,"message":"You should be authorised"}
]]></system-out>
  </testcase>
  <testcase name="updateLoginUser[8 : update password + name without email]" classname="UpdateUserTest" time="1.388">
    <system-out><![CDATA[14:18:49.061 [main] INFO UpdateUserTest -- Обновляемые данные: {password=S3uHtTwi, name=vrpznb}
14:18:49.460 [main] INFO UpdateUserTest -- Получен ответ от сервера {"success":true,"user":{"email":"fzobf@zxm.ru","name":"vrpznb"}}
]]></system-out>
  </testcase>
  <testcase name="updateWithoutLogin[8 : update password + name without email]" classname="UpdateUserTest" time="1.202">
    <system-out><![CDATA[14:18:50.371 [main] INFO UpdateUserTest -- Обновляемые данные: {password=S3uHtTwi, name=vrpznb}
14:18:50.665 [main] INFO UpdateUserTest -- Получен ответ от сервера {"success":false,"message":"You should be authorised"}
]]></system-out>
  </testcase>
  <testcase name="updateLoginUser[9 : update email + name without password]" classname="UpdateUserTest" time="1.649">
    <system-out><![CDATA[14:18:51.586 [main] INFO UpdateUserTest -- Обновляемые данные: {name=LLSHft, email=ODKjL@SLH.ru}
14:18:52.105 [main] INFO UpdateUserTest -- Получен ответ от сервера {"success":true,"user":{"email":"odkjl@slh.ru","name":"LLSHft"}}
]]></system-out>
  </testcase>
  <testcase name="updateWithoutLogin[9 : update email + name without password]" classname="UpdateUserTest" time="1.267">
    <system-out><![CDATA[14:18:53.235 [main] INFO UpdateUserTest -- Обновляемые данные: {name=LLSHft, email=ODKjL@SLH.ru}
14:18:53.458 [main] INFO UpdateUserTest -- Получен ответ от сервера {"success":false,"message":"You should be authorised"}
]]></system-out>
  </testcase>
</testsuite>