<?xml version="1.0" encoding="UTF-8"?>
<testsuite xmlns:xsi="http://www.w3.org/2001/XMLSchema-instance" xsi:noNamespaceSchemaLocation="https://maven.apache.org/surefire/maven-surefire-plugin/xsd/surefire-test-report.xsd" version="3.0.2" name="GetOrderForUserTest" time="4.584" tests="2" errors="0" skipped="0" failures="0">
  <properties>
[...]
</properties>
  <testcase name="getOrdersWithoutAuth" classname="GetOrderForUserTest" time="1.25"/>
  <testcase name="getOrdersWithAuth" classname="GetOrderForUserTest" time="3.329"/>
</testsuite>